[0.384s] Invoking command in '/home/szz/bxi/bxi_elf3_ws/src/bxi_example_py_elf3': PYTHONPATH=/home/szz/bxi/bxi_elf3_ws/build/bxi_example_py_elf3/prefix_override:/usr/lib/python3/dist-packages/colcon_core/task/python/colcon_distutils_commands:/home/szz/bxi/bxi_elf3_ws/install/bxi_example_py_elf3/lib/python3.10/site-packages:${PYTHONPATH} /usr/bin/python3 -W ignore:setup.py install is deprecated -W ignore:easy_install command is deprecated setup.py egg_info --egg-base ../../build/bxi_example_py_elf3 build --build-base /home/szz/bxi/bxi_elf3_ws/build/bxi_example_py_elf3/build install --record /home/szz/bxi/bxi_elf3_ws/build/bxi_example_py_elf3/install.log --single-version-externally-managed install_data
[0.529s] running egg_info
[0.529s] writing ../../build/bxi_example_py_elf3/bxi_example_py_elf3.egg-info/PKG-INFO
[0.530s] writing dependency_links to ../../build/bxi_example_py_elf3/bxi_example_py_elf3.egg-info/dependency_links.txt
[0.530s] writing entry points to ../../build/bxi_example_py_elf3/bxi_example_py_elf3.egg-info/entry_points.txt
[0.530s] writing requirements to ../../build/bxi_example_py_elf3/bxi_example_py_elf3.egg-info/requires.txt
[0.530s] writing top-level names to ../../build/bxi_example_py_elf3/bxi_example_py_elf3.egg-info/top_level.txt
[0.532s] reading manifest file '../../build/bxi_example_py_elf3/bxi_example_py_elf3.egg-info/SOURCES.txt'
[0.532s] writing manifest file '../../build/bxi_example_py_elf3/bxi_example_py_elf3.egg-info/SOURCES.txt'
[0.532s] running build
[0.532s] running build_py
[0.533s] copying bxi_example_py_elf3/bxi_example_dance.py -> /home/szz/bxi/bxi_elf3_ws/build/bxi_example_py_elf3/build/lib/bxi_example_py_elf3
[0.533s] running install
[0.533s] running install_lib
[0.534s] copying /home/szz/bxi/bxi_elf3_ws/build/bxi_example_py_elf3/build/lib/bxi_example_py_elf3/bxi_example_dance.py -> /home/szz/bxi/bxi_elf3_ws/install/bxi_example_py_elf3/lib/python3.10/site-packages/bxi_example_py_elf3
[0.534s] byte-compiling /home/szz/bxi/bxi_elf3_ws/install/bxi_example_py_elf3/lib/python3.10/site-packages/bxi_example_py_elf3/bxi_example_dance.py to bxi_example_dance.cpython-310.pyc
[0.535s] running install_data
[0.535s]   File "/home/szz/bxi/bxi_elf3_ws/install/bxi_example_py_elf3/lib/python3.10/site-packages/bxi_example_py_elf3/bxi_example_dance.py", line 111
[0.535s]     -0.03730002, -0.02687607, -0.19142722 0.43117728 -0.1995317,  0.0162572,
[0.535s]                               ^^^^^^^^^^^^^^^^^^^^^^^^^^^^^^^^^
[0.535s] SyntaxError: invalid syntax. Perhaps you forgot a comma?
[0.535s] 
[0.536s] running install_egg_info
[0.537s] removing '/home/szz/bxi/bxi_elf3_ws/install/bxi_example_py_elf3/lib/python3.10/site-packages/bxi_example_py_elf3-0.0.0-py3.10.egg-info' (and everything under it)
[0.537s] Copying ../../build/bxi_example_py_elf3/bxi_example_py_elf3.egg-info to /home/szz/bxi/bxi_elf3_ws/install/bxi_example_py_elf3/lib/python3.10/site-packages/bxi_example_py_elf3-0.0.0-py3.10.egg-info
[0.537s] running install_scripts
[0.555s] Installing bxi_example_py_elf3 script to /home/szz/bxi/bxi_elf3_ws/install/bxi_example_py_elf3/lib/bxi_example_py_elf3
[0.555s] Installing bxi_example_py_elf3_dance script to /home/szz/bxi/bxi_elf3_ws/install/bxi_example_py_elf3/lib/bxi_example_py_elf3
[0.555s] Installing bxi_example_py_elf3_run script to /home/szz/bxi/bxi_elf3_ws/install/bxi_example_py_elf3/lib/bxi_example_py_elf3
[0.555s] Installing bxi_example_py_elf3_walk script to /home/szz/bxi/bxi_elf3_ws/install/bxi_example_py_elf3/lib/bxi_example_py_elf3
[0.555s] writing list of installed files to '/home/szz/bxi/bxi_elf3_ws/build/bxi_example_py_elf3/install.log'
[0.575s] Invoked command in '/home/szz/bxi/bxi_elf3_ws/src/bxi_example_py_elf3' returned '0': PYTHONPATH=/home/szz/bxi/bxi_elf3_ws/build/bxi_example_py_elf3/prefix_override:/usr/lib/python3/dist-packages/colcon_core/task/python/colcon_distutils_commands:/home/szz/bxi/bxi_elf3_ws/install/bxi_example_py_elf3/lib/python3.10/site-packages:${PYTHONPATH} /usr/bin/python3 -W ignore:setup.py install is deprecated -W ignore:easy_install command is deprecated setup.py egg_info --egg-base ../../build/bxi_example_py_elf3 build --build-base /home/szz/bxi/bxi_elf3_ws/build/bxi_example_py_elf3/build install --record /home/szz/bxi/bxi_elf3_ws/build/bxi_example_py_elf3/install.log --single-version-externally-managed install_data
