[0.363s] Invoking command in '/home/szz/bxi/bxi_elf3_ws/src/bxi_example_py_elf3': PYTHONPATH=/home/szz/bxi/bxi_elf3_ws/build/bxi_example_py_elf3/prefix_override:/usr/lib/python3/dist-packages/colcon_core/task/python/colcon_distutils_commands:/home/szz/bxi/bxi_elf3_ws/install/bxi_example_py_elf3/lib/python3.10/site-packages:${PYTHONPATH} /usr/bin/python3 -W ignore:setup.py install is deprecated -W ignore:easy_install command is deprecated setup.py egg_info --egg-base ../../build/bxi_example_py_elf3 build --build-base /home/szz/bxi/bxi_elf3_ws/build/bxi_example_py_elf3/build install --record /home/szz/bxi/bxi_elf3_ws/build/bxi_example_py_elf3/install.log --single-version-externally-managed install_data
[0.503s] running egg_info
[0.503s] writing ../../build/bxi_example_py_elf3/bxi_example_py_elf3.egg-info/PKG-INFO
[0.503s] writing dependency_links to ../../build/bxi_example_py_elf3/bxi_example_py_elf3.egg-info/dependency_links.txt
[0.504s] writing entry points to ../../build/bxi_example_py_elf3/bxi_example_py_elf3.egg-info/entry_points.txt
[0.504s] writing requirements to ../../build/bxi_example_py_elf3/bxi_example_py_elf3.egg-info/requires.txt
[0.504s] writing top-level names to ../../build/bxi_example_py_elf3/bxi_example_py_elf3.egg-info/top_level.txt
[0.505s] reading manifest file '../../build/bxi_example_py_elf3/bxi_example_py_elf3.egg-info/SOURCES.txt'
[0.506s] writing manifest file '../../build/bxi_example_py_elf3/bxi_example_py_elf3.egg-info/SOURCES.txt'
[0.506s] running build
[0.506s] running build_py
[0.506s] copying bxi_example_py_elf3/bxi_example_dance.py -> /home/szz/bxi/bxi_elf3_ws/build/bxi_example_py_elf3/build/lib/bxi_example_py_elf3
[0.506s] running install
[0.506s] running install_lib
[0.507s] copying /home/szz/bxi/bxi_elf3_ws/build/bxi_example_py_elf3/build/lib/bxi_example_py_elf3/bxi_example_dance.py -> /home/szz/bxi/bxi_elf3_ws/install/bxi_example_py_elf3/lib/python3.10/site-packages/bxi_example_py_elf3
[0.507s] byte-compiling /home/szz/bxi/bxi_elf3_ws/install/bxi_example_py_elf3/lib/python3.10/site-packages/bxi_example_py_elf3/bxi_example_dance.py to bxi_example_dance.cpython-310.pyc
[0.510s] running install_data
[0.510s] running install_egg_info
[0.511s] removing '/home/szz/bxi/bxi_elf3_ws/install/bxi_example_py_elf3/lib/python3.10/site-packages/bxi_example_py_elf3-0.0.0-py3.10.egg-info' (and everything under it)
[0.512s] Copying ../../build/bxi_example_py_elf3/bxi_example_py_elf3.egg-info to /home/szz/bxi/bxi_elf3_ws/install/bxi_example_py_elf3/lib/python3.10/site-packages/bxi_example_py_elf3-0.0.0-py3.10.egg-info
[0.512s] running install_scripts
[0.530s] Installing bxi_example_py_elf3 script to /home/szz/bxi/bxi_elf3_ws/install/bxi_example_py_elf3/lib/bxi_example_py_elf3
[0.530s] Installing bxi_example_py_elf3_dance script to /home/szz/bxi/bxi_elf3_ws/install/bxi_example_py_elf3/lib/bxi_example_py_elf3
[0.530s] Installing bxi_example_py_elf3_run script to /home/szz/bxi/bxi_elf3_ws/install/bxi_example_py_elf3/lib/bxi_example_py_elf3
[0.530s] Installing bxi_example_py_elf3_walk script to /home/szz/bxi/bxi_elf3_ws/install/bxi_example_py_elf3/lib/bxi_example_py_elf3
[0.530s] writing list of installed files to '/home/szz/bxi/bxi_elf3_ws/build/bxi_example_py_elf3/install.log'
[0.546s] Invoked command in '/home/szz/bxi/bxi_elf3_ws/src/bxi_example_py_elf3' returned '0': PYTHONPATH=/home/szz/bxi/bxi_elf3_ws/build/bxi_example_py_elf3/prefix_override:/usr/lib/python3/dist-packages/colcon_core/task/python/colcon_distutils_commands:/home/szz/bxi/bxi_elf3_ws/install/bxi_example_py_elf3/lib/python3.10/site-packages:${PYTHONPATH} /usr/bin/python3 -W ignore:setup.py install is deprecated -W ignore:easy_install command is deprecated setup.py egg_info --egg-base ../../build/bxi_example_py_elf3 build --build-base /home/szz/bxi/bxi_elf3_ws/build/bxi_example_py_elf3/build install --record /home/szz/bxi/bxi_elf3_ws/build/bxi_example_py_elf3/install.log --single-version-externally-managed install_data
