running egg_info
writing ../../build/bxi_example_py_elf3/bxi_example_py_elf3.egg-info/PKG-INFO
writing dependency_links to ../../build/bxi_example_py_elf3/bxi_example_py_elf3.egg-info/dependency_links.txt
writing entry points to ../../build/bxi_example_py_elf3/bxi_example_py_elf3.egg-info/entry_points.txt
writing requirements to ../../build/bxi_example_py_elf3/bxi_example_py_elf3.egg-info/requires.txt
writing top-level names to ../../build/bxi_example_py_elf3/bxi_example_py_elf3.egg-info/top_level.txt
reading manifest file '../../build/bxi_example_py_elf3/bxi_example_py_elf3.egg-info/SOURCES.txt'
writing manifest file '../../build/bxi_example_py_elf3/bxi_example_py_elf3.egg-info/SOURCES.txt'
running build
running build_py
copying bxi_example_py_elf3/bxi_example_dance.py -> /home/szz/bxi/bxi_elf3_ws/build/bxi_example_py_elf3/build/lib/bxi_example_py_elf3
running install
running install_lib
copying /home/szz/bxi/bxi_elf3_ws/build/bxi_example_py_elf3/build/lib/bxi_example_py_elf3/bxi_example_dance.py -> /home/szz/bxi/bxi_elf3_ws/install/bxi_example_py_elf3/lib/python3.10/site-packages/bxi_example_py_elf3
byte-compiling /home/szz/bxi/bxi_elf3_ws/install/bxi_example_py_elf3/lib/python3.10/site-packages/bxi_example_py_elf3/bxi_example_dance.py to bxi_example_dance.cpython-310.pyc
running install_data
copying policy/elf3.xml -> /home/szz/bxi/bxi_elf3_ws/install/bxi_example_py_elf3/share/bxi_example_py_elf3/policy/.
running install_egg_info
removing '/home/szz/bxi/bxi_elf3_ws/install/bxi_example_py_elf3/lib/python3.10/site-packages/bxi_example_py_elf3-0.0.0-py3.10.egg-info' (and everything under it)
Copying ../../build/bxi_example_py_elf3/bxi_example_py_elf3.egg-info to /home/szz/bxi/bxi_elf3_ws/install/bxi_example_py_elf3/lib/python3.10/site-packages/bxi_example_py_elf3-0.0.0-py3.10.egg-info
running install_scripts
Installing bxi_example_py_elf3 script to /home/szz/bxi/bxi_elf3_ws/install/bxi_example_py_elf3/lib/bxi_example_py_elf3
Installing bxi_example_py_elf3_dance script to /home/szz/bxi/bxi_elf3_ws/install/bxi_example_py_elf3/lib/bxi_example_py_elf3
Installing bxi_example_py_elf3_run script to /home/szz/bxi/bxi_elf3_ws/install/bxi_example_py_elf3/lib/bxi_example_py_elf3
Installing bxi_example_py_elf3_walk script to /home/szz/bxi/bxi_elf3_ws/install/bxi_example_py_elf3/lib/bxi_example_py_elf3
writing list of installed files to '/home/szz/bxi/bxi_elf3_ws/build/bxi_example_py_elf3/install.log'
