[0.378s] Invoking command in '/home/szz/bxi/bxi_elf3_ws/src/bxi_example_py_elf3': PYTHONPATH=/home/szz/bxi/bxi_elf3_ws/build/bxi_example_py_elf3/prefix_override:/usr/lib/python3/dist-packages/colcon_core/task/python/colcon_distutils_commands:/home/szz/bxi/bxi_elf3_ws/install/bxi_example_py_elf3/lib/python3.10/site-packages:${PYTHONPATH} /usr/bin/python3 -W ignore:setup.py install is deprecated -W ignore:easy_install command is deprecated setup.py egg_info --egg-base ../../build/bxi_example_py_elf3 build --build-base /home/szz/bxi/bxi_elf3_ws/build/bxi_example_py_elf3/build install --record /home/szz/bxi/bxi_elf3_ws/build/bxi_example_py_elf3/install.log --single-version-externally-managed install_data
[0.524s] running egg_info
[0.524s] creating ../../build/bxi_example_py_elf3/bxi_example_py_elf3.egg-info
[0.525s] writing ../../build/bxi_example_py_elf3/bxi_example_py_elf3.egg-info/PKG-INFO
[0.525s] writing dependency_links to ../../build/bxi_example_py_elf3/bxi_example_py_elf3.egg-info/dependency_links.txt
[0.525s] writing entry points to ../../build/bxi_example_py_elf3/bxi_example_py_elf3.egg-info/entry_points.txt
[0.525s] writing requirements to ../../build/bxi_example_py_elf3/bxi_example_py_elf3.egg-info/requires.txt
[0.525s] writing top-level names to ../../build/bxi_example_py_elf3/bxi_example_py_elf3.egg-info/top_level.txt
[0.526s] writing manifest file '../../build/bxi_example_py_elf3/bxi_example_py_elf3.egg-info/SOURCES.txt'
[0.527s] reading manifest file '../../build/bxi_example_py_elf3/bxi_example_py_elf3.egg-info/SOURCES.txt'
[0.528s] writing manifest file '../../build/bxi_example_py_elf3/bxi_example_py_elf3.egg-info/SOURCES.txt'
[0.528s] running build
[0.528s] running build_py
[0.528s] creating /home/szz/bxi/bxi_elf3_ws/build/bxi_example_py_elf3/build
[0.528s] creating /home/szz/bxi/bxi_elf3_ws/build/bxi_example_py_elf3/build/lib
[0.528s] creating /home/szz/bxi/bxi_elf3_ws/build/bxi_example_py_elf3/build/lib/bxi_example_py_elf3
[0.528s] copying bxi_example_py_elf3/bxi_example_dance copy.py -> /home/szz/bxi/bxi_elf3_ws/build/bxi_example_py_elf3/build/lib/bxi_example_py_elf3
[0.528s] copying bxi_example_py_elf3/__init__.py -> /home/szz/bxi/bxi_elf3_ws/build/bxi_example_py_elf3/build/lib/bxi_example_py_elf3
[0.528s] copying bxi_example_py_elf3/bxi_example_walk.py -> /home/szz/bxi/bxi_elf3_ws/build/bxi_example_py_elf3/build/lib/bxi_example_py_elf3
[0.528s] copying bxi_example_py_elf3/deploy_mujoco_elf3_no.py -> /home/szz/bxi/bxi_elf3_ws/build/bxi_example_py_elf3/build/lib/bxi_example_py_elf3
[0.528s] copying bxi_example_py_elf3/bxi_example_run.py -> /home/szz/bxi/bxi_elf3_ws/build/bxi_example_py_elf3/build/lib/bxi_example_py_elf3
[0.528s] copying bxi_example_py_elf3/bxi_example_dance.py -> /home/szz/bxi/bxi_elf3_ws/build/bxi_example_py_elf3/build/lib/bxi_example_py_elf3
[0.528s] running install
[0.528s] running install_lib
[0.529s] creating /home/szz/bxi/bxi_elf3_ws/install/bxi_example_py_elf3/lib/python3.10/site-packages/bxi_example_py_elf3
[0.529s] copying /home/szz/bxi/bxi_elf3_ws/build/bxi_example_py_elf3/build/lib/bxi_example_py_elf3/bxi_example_dance copy.py -> /home/szz/bxi/bxi_elf3_ws/install/bxi_example_py_elf3/lib/python3.10/site-packages/bxi_example_py_elf3
[0.529s] copying /home/szz/bxi/bxi_elf3_ws/build/bxi_example_py_elf3/build/lib/bxi_example_py_elf3/__init__.py -> /home/szz/bxi/bxi_elf3_ws/install/bxi_example_py_elf3/lib/python3.10/site-packages/bxi_example_py_elf3
[0.529s] copying /home/szz/bxi/bxi_elf3_ws/build/bxi_example_py_elf3/build/lib/bxi_example_py_elf3/bxi_example_walk.py -> /home/szz/bxi/bxi_elf3_ws/install/bxi_example_py_elf3/lib/python3.10/site-packages/bxi_example_py_elf3
[0.529s] copying /home/szz/bxi/bxi_elf3_ws/build/bxi_example_py_elf3/build/lib/bxi_example_py_elf3/deploy_mujoco_elf3_no.py -> /home/szz/bxi/bxi_elf3_ws/install/bxi_example_py_elf3/lib/python3.10/site-packages/bxi_example_py_elf3
[0.529s] copying /home/szz/bxi/bxi_elf3_ws/build/bxi_example_py_elf3/build/lib/bxi_example_py_elf3/bxi_example_run.py -> /home/szz/bxi/bxi_elf3_ws/install/bxi_example_py_elf3/lib/python3.10/site-packages/bxi_example_py_elf3
[0.529s] copying /home/szz/bxi/bxi_elf3_ws/build/bxi_example_py_elf3/build/lib/bxi_example_py_elf3/bxi_example_dance.py -> /home/szz/bxi/bxi_elf3_ws/install/bxi_example_py_elf3/lib/python3.10/site-packages/bxi_example_py_elf3
[0.529s] byte-compiling /home/szz/bxi/bxi_elf3_ws/install/bxi_example_py_elf3/lib/python3.10/site-packages/bxi_example_py_elf3/bxi_example_dance copy.py to bxi_example_dance copy.cpython-310.pyc
[0.532s] byte-compiling /home/szz/bxi/bxi_elf3_ws/install/bxi_example_py_elf3/lib/python3.10/site-packages/bxi_example_py_elf3/__init__.py to __init__.cpython-310.pyc
[0.532s] byte-compiling /home/szz/bxi/bxi_elf3_ws/install/bxi_example_py_elf3/lib/python3.10/site-packages/bxi_example_py_elf3/bxi_example_walk.py to bxi_example_walk.cpython-310.pyc
[0.534s] byte-compiling /home/szz/bxi/bxi_elf3_ws/install/bxi_example_py_elf3/lib/python3.10/site-packages/bxi_example_py_elf3/deploy_mujoco_elf3_no.py to deploy_mujoco_elf3_no.cpython-310.pyc
[0.535s] byte-compiling /home/szz/bxi/bxi_elf3_ws/install/bxi_example_py_elf3/lib/python3.10/site-packages/bxi_example_py_elf3/bxi_example_run.py to bxi_example_run.cpython-310.pyc
[0.537s] byte-compiling /home/szz/bxi/bxi_elf3_ws/install/bxi_example_py_elf3/lib/python3.10/site-packages/bxi_example_py_elf3/bxi_example_dance.py to bxi_example_dance.cpython-310.pyc
[0.539s] running install_data
[0.539s] creating /home/szz/bxi/bxi_elf3_ws/install/bxi_example_py_elf3/share/ament_index
[0.540s] creating /home/szz/bxi/bxi_elf3_ws/install/bxi_example_py_elf3/share/ament_index/resource_index
[0.540s] creating /home/szz/bxi/bxi_elf3_ws/install/bxi_example_py_elf3/share/ament_index/resource_index/packages
[0.540s] copying resource/bxi_example_py_elf3 -> /home/szz/bxi/bxi_elf3_ws/install/bxi_example_py_elf3/share/ament_index/resource_index/packages
[0.540s] copying package.xml -> /home/szz/bxi/bxi_elf3_ws/install/bxi_example_py_elf3/share/bxi_example_py_elf3
[0.540s] creating /home/szz/bxi/bxi_elf3_ws/install/bxi_example_py_elf3/share/bxi_example_py_elf3/policy
[0.540s] copying policy/elf3_bg.xml -> /home/szz/bxi/bxi_elf3_ws/install/bxi_example_py_elf3/share/bxi_example_py_elf3/policy/.
[0.540s] copying policy/elf3.xml -> /home/szz/bxi/bxi_elf3_ws/install/bxi_example_py_elf3/share/bxi_example_py_elf3/policy/.
[0.541s] copying policy/model_run.onnx -> /home/szz/bxi/bxi_elf3_ws/install/bxi_example_py_elf3/share/bxi_example_py_elf3/policy/.
[0.545s] copying policy/model_walk.onnx -> /home/szz/bxi/bxi_elf3_ws/install/bxi_example_py_elf3/share/bxi_example_py_elf3/policy/.
[0.546s] copying policy/jojo.npz -> /home/szz/bxi/bxi_elf3_ws/install/bxi_example_py_elf3/share/bxi_example_py_elf3/policy/.
[0.554s] copying policy/jojo.onnx -> /home/szz/bxi/bxi_elf3_ws/install/bxi_example_py_elf3/share/bxi_example_py_elf3/policy/.
[0.560s] creating /home/szz/bxi/bxi_elf3_ws/install/bxi_example_py_elf3/share/bxi_example_py_elf3/policy/meshes
[0.560s] copying policy/meshes/l_ankle_x_link.STL -> /home/szz/bxi/bxi_elf3_ws/install/bxi_example_py_elf3/share/bxi_example_py_elf3/policy/meshes
[0.560s] copying policy/meshes/r_wrist_y_link.STL -> /home/szz/bxi/bxi_elf3_ws/install/bxi_example_py_elf3/share/bxi_example_py_elf3/policy/meshes
[0.561s] copying policy/meshes/l_hip_y_link.STL -> /home/szz/bxi/bxi_elf3_ws/install/bxi_example_py_elf3/share/bxi_example_py_elf3/policy/meshes
[0.563s] copying policy/meshes/torso_link.STL -> /home/szz/bxi/bxi_elf3_ws/install/bxi_example_py_elf3/share/bxi_example_py_elf3/policy/meshes
[0.569s] copying policy/meshes/l_wrist_y_link.STL -> /home/szz/bxi/bxi_elf3_ws/install/bxi_example_py_elf3/share/bxi_example_py_elf3/policy/meshes
[0.570s] copying policy/meshes/l_shoulder_y_link.STL -> /home/szz/bxi/bxi_elf3_ws/install/bxi_example_py_elf3/share/bxi_example_py_elf3/policy/meshes
[0.571s] copying policy/meshes/r_elbow_y_link.STL -> /home/szz/bxi/bxi_elf3_ws/install/bxi_example_py_elf3/share/bxi_example_py_elf3/policy/meshes
[0.571s] copying policy/meshes/r_ankle_x_link.STL -> /home/szz/bxi/bxi_elf3_ws/install/bxi_example_py_elf3/share/bxi_example_py_elf3/policy/meshes
[0.572s] copying policy/meshes/l_elbow_y_link.STL -> /home/szz/bxi/bxi_elf3_ws/install/bxi_example_py_elf3/share/bxi_example_py_elf3/policy/meshes
[0.572s] copying policy/meshes/waist_y_link.STL -> /home/szz/bxi/bxi_elf3_ws/install/bxi_example_py_elf3/share/bxi_example_py_elf3/policy/meshes
[0.572s] copying policy/meshes/r_hip_z_link.STL -> /home/szz/bxi/bxi_elf3_ws/install/bxi_example_py_elf3/share/bxi_example_py_elf3/policy/meshes
[0.575s] copying policy/meshes/r_shoulder_y_link.STL -> /home/szz/bxi/bxi_elf3_ws/install/bxi_example_py_elf3/share/bxi_example_py_elf3/policy/meshes
[0.576s] copying policy/meshes/r_ankle_y_link.STL -> /home/szz/bxi/bxi_elf3_ws/install/bxi_example_py_elf3/share/bxi_example_py_elf3/policy/meshes
[0.577s] copying policy/meshes/l_wrist_z_link.STL -> /home/szz/bxi/bxi_elf3_ws/install/bxi_example_py_elf3/share/bxi_example_py_elf3/policy/meshes
[0.577s] copying policy/meshes/r_shoulder_x_link.STL -> /home/szz/bxi/bxi_elf3_ws/install/bxi_example_py_elf3/share/bxi_example_py_elf3/policy/meshes
[0.577s] copying policy/meshes/r_shoulder_z_link.STL -> /home/szz/bxi/bxi_elf3_ws/install/bxi_example_py_elf3/share/bxi_example_py_elf3/policy/meshes
[0.579s] copying policy/meshes/l_hip_x_link.STL -> /home/szz/bxi/bxi_elf3_ws/install/bxi_example_py_elf3/share/bxi_example_py_elf3/policy/meshes
[0.579s] copying policy/meshes/waist_x_link.STL -> /home/szz/bxi/bxi_elf3_ws/install/bxi_example_py_elf3/share/bxi_example_py_elf3/policy/meshes
[0.580s] copying policy/meshes/l_hip_z_link.STL -> /home/szz/bxi/bxi_elf3_ws/install/bxi_example_py_elf3/share/bxi_example_py_elf3/policy/meshes
[0.582s] copying policy/meshes/r_hip_x_link.STL -> /home/szz/bxi/bxi_elf3_ws/install/bxi_example_py_elf3/share/bxi_example_py_elf3/policy/meshes
[0.582s] copying policy/meshes/l_shoulder_z_link.STL -> /home/szz/bxi/bxi_elf3_ws/install/bxi_example_py_elf3/share/bxi_example_py_elf3/policy/meshes
[0.584s] copying policy/meshes/r_knee_y_link.STL -> /home/szz/bxi/bxi_elf3_ws/install/bxi_example_py_elf3/share/bxi_example_py_elf3/policy/meshes
[0.587s] copying policy/meshes/l_wrist_x_link.STL -> /home/szz/bxi/bxi_elf3_ws/install/bxi_example_py_elf3/share/bxi_example_py_elf3/policy/meshes
[0.590s] copying policy/meshes/waist_z_link.STL -> /home/szz/bxi/bxi_elf3_ws/install/bxi_example_py_elf3/share/bxi_example_py_elf3/policy/meshes
[0.594s] copying policy/meshes/r_hip_y_link.STL -> /home/szz/bxi/bxi_elf3_ws/install/bxi_example_py_elf3/share/bxi_example_py_elf3/policy/meshes
[0.595s] copying policy/meshes/r_wrist_z_link.STL -> /home/szz/bxi/bxi_elf3_ws/install/bxi_example_py_elf3/share/bxi_example_py_elf3/policy/meshes
[0.596s] copying policy/meshes/r_wrist_x_link.STL -> /home/szz/bxi/bxi_elf3_ws/install/bxi_example_py_elf3/share/bxi_example_py_elf3/policy/meshes
[0.598s] copying policy/meshes/l_knee_y_link.STL -> /home/szz/bxi/bxi_elf3_ws/install/bxi_example_py_elf3/share/bxi_example_py_elf3/policy/meshes
[0.601s] copying policy/meshes/l_shoulder_x_link.STL -> /home/szz/bxi/bxi_elf3_ws/install/bxi_example_py_elf3/share/bxi_example_py_elf3/policy/meshes
[0.602s] copying policy/meshes/l_ankle_y_link.STL -> /home/szz/bxi/bxi_elf3_ws/install/bxi_example_py_elf3/share/bxi_example_py_elf3/policy/meshes
[0.602s] creating /home/szz/bxi/bxi_elf3_ws/install/bxi_example_py_elf3/share/bxi_example_py_elf3/launch
[0.602s] copying launch/example_launch_walk.py -> /home/szz/bxi/bxi_elf3_ws/install/bxi_example_py_elf3/share/bxi_example_py_elf3/launch/.
[0.602s] copying launch/example_launch_dance_hw.py -> /home/szz/bxi/bxi_elf3_ws/install/bxi_example_py_elf3/share/bxi_example_py_elf3/launch/.
[0.603s] copying launch/example_launch_dance.py -> /home/szz/bxi/bxi_elf3_ws/install/bxi_example_py_elf3/share/bxi_example_py_elf3/launch/.
[0.603s] copying launch/example_launch_run_hw.py -> /home/szz/bxi/bxi_elf3_ws/install/bxi_example_py_elf3/share/bxi_example_py_elf3/launch/.
[0.603s] copying launch/example_launch_walk_hw.py -> /home/szz/bxi/bxi_elf3_ws/install/bxi_example_py_elf3/share/bxi_example_py_elf3/launch/.
[0.603s] copying launch/example_launch_run.py -> /home/szz/bxi/bxi_elf3_ws/install/bxi_example_py_elf3/share/bxi_example_py_elf3/launch/.
[0.603s] running install_egg_info
[0.605s] Copying ../../build/bxi_example_py_elf3/bxi_example_py_elf3.egg-info to /home/szz/bxi/bxi_elf3_ws/install/bxi_example_py_elf3/lib/python3.10/site-packages/bxi_example_py_elf3-0.0.0-py3.10.egg-info
[0.607s] running install_scripts
[0.622s] Installing bxi_example_py_elf3 script to /home/szz/bxi/bxi_elf3_ws/install/bxi_example_py_elf3/lib/bxi_example_py_elf3
[0.623s] Installing bxi_example_py_elf3_dance script to /home/szz/bxi/bxi_elf3_ws/install/bxi_example_py_elf3/lib/bxi_example_py_elf3
[0.623s] Installing bxi_example_py_elf3_run script to /home/szz/bxi/bxi_elf3_ws/install/bxi_example_py_elf3/lib/bxi_example_py_elf3
[0.623s] Installing bxi_example_py_elf3_walk script to /home/szz/bxi/bxi_elf3_ws/install/bxi_example_py_elf3/lib/bxi_example_py_elf3
[0.623s] writing list of installed files to '/home/szz/bxi/bxi_elf3_ws/build/bxi_example_py_elf3/install.log'
[0.641s] Invoked command in '/home/szz/bxi/bxi_elf3_ws/src/bxi_example_py_elf3' returned '0': PYTHONPATH=/home/szz/bxi/bxi_elf3_ws/build/bxi_example_py_elf3/prefix_override:/usr/lib/python3/dist-packages/colcon_core/task/python/colcon_distutils_commands:/home/szz/bxi/bxi_elf3_ws/install/bxi_example_py_elf3/lib/python3.10/site-packages:${PYTHONPATH} /usr/bin/python3 -W ignore:setup.py install is deprecated -W ignore:easy_install command is deprecated setup.py egg_info --egg-base ../../build/bxi_example_py_elf3 build --build-base /home/szz/bxi/bxi_elf3_ws/build/bxi_example_py_elf3/build install --record /home/szz/bxi/bxi_elf3_ws/build/bxi_example_py_elf3/install.log --single-version-externally-managed install_data
