/home/szz/bxi/bxi_elf3_ws/install/bxi_example_py_elf3/lib/python3.10/site-packages/bxi_example_py_elf3/bxi_example_dance copy.py
/home/szz/bxi/bxi_elf3_ws/install/bxi_example_py_elf3/lib/python3.10/site-packages/bxi_example_py_elf3/__init__.py
/home/szz/bxi/bxi_elf3_ws/install/bxi_example_py_elf3/lib/python3.10/site-packages/bxi_example_py_elf3/bxi_example_walk.py
/home/szz/bxi/bxi_elf3_ws/install/bxi_example_py_elf3/lib/python3.10/site-packages/bxi_example_py_elf3/deploy_mujoco_elf3_no.py
/home/szz/bxi/bxi_elf3_ws/install/bxi_example_py_elf3/lib/python3.10/site-packages/bxi_example_py_elf3/bxi_example_run.py
/home/szz/bxi/bxi_elf3_ws/install/bxi_example_py_elf3/lib/python3.10/site-packages/bxi_example_py_elf3/bxi_example_dance.py
/home/szz/bxi/bxi_elf3_ws/install/bxi_example_py_elf3/lib/python3.10/site-packages/bxi_example_py_elf3/__pycache__/bxi_example_dance copy.cpython-310.pyc
/home/szz/bxi/bxi_elf3_ws/install/bxi_example_py_elf3/lib/python3.10/site-packages/bxi_example_py_elf3/__pycache__/__init__.cpython-310.pyc
/home/szz/bxi/bxi_elf3_ws/install/bxi_example_py_elf3/lib/python3.10/site-packages/bxi_example_py_elf3/__pycache__/bxi_example_walk.cpython-310.pyc
/home/szz/bxi/bxi_elf3_ws/install/bxi_example_py_elf3/lib/python3.10/site-packages/bxi_example_py_elf3/__pycache__/deploy_mujoco_elf3_no.cpython-310.pyc
/home/szz/bxi/bxi_elf3_ws/install/bxi_example_py_elf3/lib/python3.10/site-packages/bxi_example_py_elf3/__pycache__/bxi_example_run.cpython-310.pyc
/home/szz/bxi/bxi_elf3_ws/install/bxi_example_py_elf3/lib/python3.10/site-packages/bxi_example_py_elf3/__pycache__/bxi_example_dance.cpython-310.pyc
/home/szz/bxi/bxi_elf3_ws/install/bxi_example_py_elf3/share/ament_index/resource_index/packages/bxi_example_py_elf3
/home/szz/bxi/bxi_elf3_ws/install/bxi_example_py_elf3/share/bxi_example_py_elf3/package.xml
/home/szz/bxi/bxi_elf3_ws/install/bxi_example_py_elf3/share/bxi_example_py_elf3/policy/./elf3_bg.xml
/home/szz/bxi/bxi_elf3_ws/install/bxi_example_py_elf3/share/bxi_example_py_elf3/policy/./elf3.xml
/home/szz/bxi/bxi_elf3_ws/install/bxi_example_py_elf3/share/bxi_example_py_elf3/policy/./model_run.onnx
/home/szz/bxi/bxi_elf3_ws/install/bxi_example_py_elf3/share/bxi_example_py_elf3/policy/./model_walk.onnx
/home/szz/bxi/bxi_elf3_ws/install/bxi_example_py_elf3/share/bxi_example_py_elf3/policy/./jojo.npz
/home/szz/bxi/bxi_elf3_ws/install/bxi_example_py_elf3/share/bxi_example_py_elf3/policy/./jojo.onnx
/home/szz/bxi/bxi_elf3_ws/install/bxi_example_py_elf3/share/bxi_example_py_elf3/policy/meshes/l_ankle_x_link.STL
/home/szz/bxi/bxi_elf3_ws/install/bxi_example_py_elf3/share/bxi_example_py_elf3/policy/meshes/r_wrist_y_link.STL
/home/szz/bxi/bxi_elf3_ws/install/bxi_example_py_elf3/share/bxi_example_py_elf3/policy/meshes/l_hip_y_link.STL
/home/szz/bxi/bxi_elf3_ws/install/bxi_example_py_elf3/share/bxi_example_py_elf3/policy/meshes/torso_link.STL
/home/szz/bxi/bxi_elf3_ws/install/bxi_example_py_elf3/share/bxi_example_py_elf3/policy/meshes/l_wrist_y_link.STL
/home/szz/bxi/bxi_elf3_ws/install/bxi_example_py_elf3/share/bxi_example_py_elf3/policy/meshes/l_shoulder_y_link.STL
/home/szz/bxi/bxi_elf3_ws/install/bxi_example_py_elf3/share/bxi_example_py_elf3/policy/meshes/r_elbow_y_link.STL
/home/szz/bxi/bxi_elf3_ws/install/bxi_example_py_elf3/share/bxi_example_py_elf3/policy/meshes/r_ankle_x_link.STL
/home/szz/bxi/bxi_elf3_ws/install/bxi_example_py_elf3/share/bxi_example_py_elf3/policy/meshes/l_elbow_y_link.STL
/home/szz/bxi/bxi_elf3_ws/install/bxi_example_py_elf3/share/bxi_example_py_elf3/policy/meshes/waist_y_link.STL
/home/szz/bxi/bxi_elf3_ws/install/bxi_example_py_elf3/share/bxi_example_py_elf3/policy/meshes/r_hip_z_link.STL
/home/szz/bxi/bxi_elf3_ws/install/bxi_example_py_elf3/share/bxi_example_py_elf3/policy/meshes/r_shoulder_y_link.STL
/home/szz/bxi/bxi_elf3_ws/install/bxi_example_py_elf3/share/bxi_example_py_elf3/policy/meshes/r_ankle_y_link.STL
/home/szz/bxi/bxi_elf3_ws/install/bxi_example_py_elf3/share/bxi_example_py_elf3/policy/meshes/l_wrist_z_link.STL
/home/szz/bxi/bxi_elf3_ws/install/bxi_example_py_elf3/share/bxi_example_py_elf3/policy/meshes/r_shoulder_x_link.STL
/home/szz/bxi/bxi_elf3_ws/install/bxi_example_py_elf3/share/bxi_example_py_elf3/policy/meshes/r_shoulder_z_link.STL
/home/szz/bxi/bxi_elf3_ws/install/bxi_example_py_elf3/share/bxi_example_py_elf3/policy/meshes/l_hip_x_link.STL
/home/szz/bxi/bxi_elf3_ws/install/bxi_example_py_elf3/share/bxi_example_py_elf3/policy/meshes/waist_x_link.STL
/home/szz/bxi/bxi_elf3_ws/install/bxi_example_py_elf3/share/bxi_example_py_elf3/policy/meshes/l_hip_z_link.STL
/home/szz/bxi/bxi_elf3_ws/install/bxi_example_py_elf3/share/bxi_example_py_elf3/policy/meshes/r_hip_x_link.STL
/home/szz/bxi/bxi_elf3_ws/install/bxi_example_py_elf3/share/bxi_example_py_elf3/policy/meshes/l_shoulder_z_link.STL
/home/szz/bxi/bxi_elf3_ws/install/bxi_example_py_elf3/share/bxi_example_py_elf3/policy/meshes/r_knee_y_link.STL
/home/szz/bxi/bxi_elf3_ws/install/bxi_example_py_elf3/share/bxi_example_py_elf3/policy/meshes/l_wrist_x_link.STL
/home/szz/bxi/bxi_elf3_ws/install/bxi_example_py_elf3/share/bxi_example_py_elf3/policy/meshes/waist_z_link.STL
/home/szz/bxi/bxi_elf3_ws/install/bxi_example_py_elf3/share/bxi_example_py_elf3/policy/meshes/r_hip_y_link.STL
/home/szz/bxi/bxi_elf3_ws/install/bxi_example_py_elf3/share/bxi_example_py_elf3/policy/meshes/r_wrist_z_link.STL
/home/szz/bxi/bxi_elf3_ws/install/bxi_example_py_elf3/share/bxi_example_py_elf3/policy/meshes/r_wrist_x_link.STL
/home/szz/bxi/bxi_elf3_ws/install/bxi_example_py_elf3/share/bxi_example_py_elf3/policy/meshes/l_knee_y_link.STL
/home/szz/bxi/bxi_elf3_ws/install/bxi_example_py_elf3/share/bxi_example_py_elf3/policy/meshes/l_shoulder_x_link.STL
/home/szz/bxi/bxi_elf3_ws/install/bxi_example_py_elf3/share/bxi_example_py_elf3/policy/meshes/l_ankle_y_link.STL
/home/szz/bxi/bxi_elf3_ws/install/bxi_example_py_elf3/share/bxi_example_py_elf3/launch/./example_launch_walk.py
/home/szz/bxi/bxi_elf3_ws/install/bxi_example_py_elf3/share/bxi_example_py_elf3/launch/./example_launch_dance_hw.py
/home/szz/bxi/bxi_elf3_ws/install/bxi_example_py_elf3/share/bxi_example_py_elf3/launch/./example_launch_dance.py
/home/szz/bxi/bxi_elf3_ws/install/bxi_example_py_elf3/share/bxi_example_py_elf3/launch/./example_launch_run_hw.py
/home/szz/bxi/bxi_elf3_ws/install/bxi_example_py_elf3/share/bxi_example_py_elf3/launch/./example_launch_walk_hw.py
/home/szz/bxi/bxi_elf3_ws/install/bxi_example_py_elf3/share/bxi_example_py_elf3/launch/./example_launch_run.py
/home/szz/bxi/bxi_elf3_ws/install/bxi_example_py_elf3/lib/python3.10/site-packages/bxi_example_py_elf3-0.0.0-py3.10.egg-info/PKG-INFO
/home/szz/bxi/bxi_elf3_ws/install/bxi_example_py_elf3/lib/python3.10/site-packages/bxi_example_py_elf3-0.0.0-py3.10.egg-info/SOURCES.txt
/home/szz/bxi/bxi_elf3_ws/install/bxi_example_py_elf3/lib/python3.10/site-packages/bxi_example_py_elf3-0.0.0-py3.10.egg-info/requires.txt
/home/szz/bxi/bxi_elf3_ws/install/bxi_example_py_elf3/lib/python3.10/site-packages/bxi_example_py_elf3-0.0.0-py3.10.egg-info/dependency_links.txt
/home/szz/bxi/bxi_elf3_ws/install/bxi_example_py_elf3/lib/python3.10/site-packages/bxi_example_py_elf3-0.0.0-py3.10.egg-info/entry_points.txt
/home/szz/bxi/bxi_elf3_ws/install/bxi_example_py_elf3/lib/python3.10/site-packages/bxi_example_py_elf3-0.0.0-py3.10.egg-info/zip-safe
/home/szz/bxi/bxi_elf3_ws/install/bxi_example_py_elf3/lib/python3.10/site-packages/bxi_example_py_elf3-0.0.0-py3.10.egg-info/top_level.txt
/home/szz/bxi/bxi_elf3_ws/install/bxi_example_py_elf3/lib/bxi_example_py_elf3/bxi_example_py_elf3
/home/szz/bxi/bxi_elf3_ws/install/bxi_example_py_elf3/lib/bxi_example_py_elf3/bxi_example_py_elf3_dance
/home/szz/bxi/bxi_elf3_ws/install/bxi_example_py_elf3/lib/bxi_example_py_elf3/bxi_example_py_elf3_run
/home/szz/bxi/bxi_elf3_ws/install/bxi_example_py_elf3/lib/bxi_example_py_elf3/bxi_example_py_elf3_walk
