running egg_info
creating ../../build/bxi_example_py_elf3/bxi_example_py_elf3.egg-info
writing ../../build/bxi_example_py_elf3/bxi_example_py_elf3.egg-info/PKG-INFO
writing dependency_links to ../../build/bxi_example_py_elf3/bxi_example_py_elf3.egg-info/dependency_links.txt
writing entry points to ../../build/bxi_example_py_elf3/bxi_example_py_elf3.egg-info/entry_points.txt
writing requirements to ../../build/bxi_example_py_elf3/bxi_example_py_elf3.egg-info/requires.txt
writing top-level names to ../../build/bxi_example_py_elf3/bxi_example_py_elf3.egg-info/top_level.txt
writing manifest file '../../build/bxi_example_py_elf3/bxi_example_py_elf3.egg-info/SOURCES.txt'
reading manifest file '../../build/bxi_example_py_elf3/bxi_example_py_elf3.egg-info/SOURCES.txt'
writing manifest file '../../build/bxi_example_py_elf3/bxi_example_py_elf3.egg-info/SOURCES.txt'
running build
running build_py
creating /home/szz/bxi/bxi_elf3_ws/build/bxi_example_py_elf3/build
creating /home/szz/bxi/bxi_elf3_ws/build/bxi_example_py_elf3/build/lib
creating /home/szz/bxi/bxi_elf3_ws/build/bxi_example_py_elf3/build/lib/bxi_example_py_elf3
copying bxi_example_py_elf3/bxi_example.py -> /home/szz/bxi/bxi_elf3_ws/build/bxi_example_py_elf3/build/lib/bxi_example_py_elf3
copying bxi_example_py_elf3/deploy_real4bydmimic copy.py -> /home/szz/bxi/bxi_elf3_ws/build/bxi_example_py_elf3/build/lib/bxi_example_py_elf3
copying bxi_example_py_elf3/__init__.py -> /home/szz/bxi/bxi_elf3_ws/build/bxi_example_py_elf3/build/lib/bxi_example_py_elf3
copying bxi_example_py_elf3/bxi_example_walk.py -> /home/szz/bxi/bxi_elf3_ws/build/bxi_example_py_elf3/build/lib/bxi_example_py_elf3
copying bxi_example_py_elf3/deploy_mujoco_elf3_no.py -> /home/szz/bxi/bxi_elf3_ws/build/bxi_example_py_elf3/build/lib/bxi_example_py_elf3
copying bxi_example_py_elf3/bxi_example_run.py -> /home/szz/bxi/bxi_elf3_ws/build/bxi_example_py_elf3/build/lib/bxi_example_py_elf3
copying bxi_example_py_elf3/bxi_example_dance.py -> /home/szz/bxi/bxi_elf3_ws/build/bxi_example_py_elf3/build/lib/bxi_example_py_elf3
running install
running install_lib
creating /home/szz/bxi/bxi_elf3_ws/install/bxi_example_py_elf3/lib/python3.10/site-packages/bxi_example_py_elf3
copying /home/szz/bxi/bxi_elf3_ws/build/bxi_example_py_elf3/build/lib/bxi_example_py_elf3/bxi_example.py -> /home/szz/bxi/bxi_elf3_ws/install/bxi_example_py_elf3/lib/python3.10/site-packages/bxi_example_py_elf3
copying /home/szz/bxi/bxi_elf3_ws/build/bxi_example_py_elf3/build/lib/bxi_example_py_elf3/deploy_real4bydmimic copy.py -> /home/szz/bxi/bxi_elf3_ws/install/bxi_example_py_elf3/lib/python3.10/site-packages/bxi_example_py_elf3
copying /home/szz/bxi/bxi_elf3_ws/build/bxi_example_py_elf3/build/lib/bxi_example_py_elf3/__init__.py -> /home/szz/bxi/bxi_elf3_ws/install/bxi_example_py_elf3/lib/python3.10/site-packages/bxi_example_py_elf3
copying /home/szz/bxi/bxi_elf3_ws/build/bxi_example_py_elf3/build/lib/bxi_example_py_elf3/bxi_example_walk.py -> /home/szz/bxi/bxi_elf3_ws/install/bxi_example_py_elf3/lib/python3.10/site-packages/bxi_example_py_elf3
copying /home/szz/bxi/bxi_elf3_ws/build/bxi_example_py_elf3/build/lib/bxi_example_py_elf3/deploy_mujoco_elf3_no.py -> /home/szz/bxi/bxi_elf3_ws/install/bxi_example_py_elf3/lib/python3.10/site-packages/bxi_example_py_elf3
copying /home/szz/bxi/bxi_elf3_ws/build/bxi_example_py_elf3/build/lib/bxi_example_py_elf3/bxi_example_run.py -> /home/szz/bxi/bxi_elf3_ws/install/bxi_example_py_elf3/lib/python3.10/site-packages/bxi_example_py_elf3
copying /home/szz/bxi/bxi_elf3_ws/build/bxi_example_py_elf3/build/lib/bxi_example_py_elf3/bxi_example_dance.py -> /home/szz/bxi/bxi_elf3_ws/install/bxi_example_py_elf3/lib/python3.10/site-packages/bxi_example_py_elf3
byte-compiling /home/szz/bxi/bxi_elf3_ws/install/bxi_example_py_elf3/lib/python3.10/site-packages/bxi_example_py_elf3/bxi_example.py to bxi_example.cpython-310.pyc
byte-compiling /home/szz/bxi/bxi_elf3_ws/install/bxi_example_py_elf3/lib/python3.10/site-packages/bxi_example_py_elf3/deploy_real4bydmimic copy.py to deploy_real4bydmimic copy.cpython-310.pyc
byte-compiling /home/szz/bxi/bxi_elf3_ws/install/bxi_example_py_elf3/lib/python3.10/site-packages/bxi_example_py_elf3/__init__.py to __init__.cpython-310.pyc
byte-compiling /home/szz/bxi/bxi_elf3_ws/install/bxi_example_py_elf3/lib/python3.10/site-packages/bxi_example_py_elf3/bxi_example_walk.py to bxi_example_walk.cpython-310.pyc
byte-compiling /home/szz/bxi/bxi_elf3_ws/install/bxi_example_py_elf3/lib/python3.10/site-packages/bxi_example_py_elf3/deploy_mujoco_elf3_no.py to deploy_mujoco_elf3_no.cpython-310.pyc
byte-compiling /home/szz/bxi/bxi_elf3_ws/install/bxi_example_py_elf3/lib/python3.10/site-packages/bxi_example_py_elf3/bxi_example_run.py to bxi_example_run.cpython-310.pyc
byte-compiling /home/szz/bxi/bxi_elf3_ws/install/bxi_example_py_elf3/lib/python3.10/site-packages/bxi_example_py_elf3/bxi_example_dance.py to bxi_example_dance.cpython-310.pyc
running install_data
creating /home/szz/bxi/bxi_elf3_ws/install/bxi_example_py_elf3/share/ament_index
creating /home/szz/bxi/bxi_elf3_ws/install/bxi_example_py_elf3/share/ament_index/resource_index
creating /home/szz/bxi/bxi_elf3_ws/install/bxi_example_py_elf3/share/ament_index/resource_index/packages
copying resource/bxi_example_py_elf3 -> /home/szz/bxi/bxi_elf3_ws/install/bxi_example_py_elf3/share/ament_index/resource_index/packages
copying package.xml -> /home/szz/bxi/bxi_elf3_ws/install/bxi_example_py_elf3/share/bxi_example_py_elf3
creating /home/szz/bxi/bxi_elf3_ws/install/bxi_example_py_elf3/share/bxi_example_py_elf3/policy
copying policy/elf3_bg.xml -> /home/szz/bxi/bxi_elf3_ws/install/bxi_example_py_elf3/share/bxi_example_py_elf3/policy/.
copying policy/elf3.xml -> /home/szz/bxi/bxi_elf3_ws/install/bxi_example_py_elf3/share/bxi_example_py_elf3/policy/.
copying policy/model_run.onnx -> /home/szz/bxi/bxi_elf3_ws/install/bxi_example_py_elf3/share/bxi_example_py_elf3/policy/.
copying policy/model_walk.onnx -> /home/szz/bxi/bxi_elf3_ws/install/bxi_example_py_elf3/share/bxi_example_py_elf3/policy/.
copying policy/jojo.npz -> /home/szz/bxi/bxi_elf3_ws/install/bxi_example_py_elf3/share/bxi_example_py_elf3/policy/.
copying policy/jojo.onnx -> /home/szz/bxi/bxi_elf3_ws/install/bxi_example_py_elf3/share/bxi_example_py_elf3/policy/.
creating /home/szz/bxi/bxi_elf3_ws/install/bxi_example_py_elf3/share/bxi_example_py_elf3/policy/meshes
copying policy/meshes/l_ankle_x_link.STL -> /home/szz/bxi/bxi_elf3_ws/install/bxi_example_py_elf3/share/bxi_example_py_elf3/policy/meshes
copying policy/meshes/r_wrist_y_link.STL -> /home/szz/bxi/bxi_elf3_ws/install/bxi_example_py_elf3/share/bxi_example_py_elf3/policy/meshes
copying policy/meshes/l_hip_y_link.STL -> /home/szz/bxi/bxi_elf3_ws/install/bxi_example_py_elf3/share/bxi_example_py_elf3/policy/meshes
copying policy/meshes/torso_link.STL -> /home/szz/bxi/bxi_elf3_ws/install/bxi_example_py_elf3/share/bxi_example_py_elf3/policy/meshes
copying policy/meshes/l_wrist_y_link.STL -> /home/szz/bxi/bxi_elf3_ws/install/bxi_example_py_elf3/share/bxi_example_py_elf3/policy/meshes
copying policy/meshes/l_shoulder_y_link.STL -> /home/szz/bxi/bxi_elf3_ws/install/bxi_example_py_elf3/share/bxi_example_py_elf3/policy/meshes
copying policy/meshes/r_elbow_y_link.STL -> /home/szz/bxi/bxi_elf3_ws/install/bxi_example_py_elf3/share/bxi_example_py_elf3/policy/meshes
copying policy/meshes/r_ankle_x_link.STL -> /home/szz/bxi/bxi_elf3_ws/install/bxi_example_py_elf3/share/bxi_example_py_elf3/policy/meshes
copying policy/meshes/l_elbow_y_link.STL -> /home/szz/bxi/bxi_elf3_ws/install/bxi_example_py_elf3/share/bxi_example_py_elf3/policy/meshes
copying policy/meshes/waist_y_link.STL -> /home/szz/bxi/bxi_elf3_ws/install/bxi_example_py_elf3/share/bxi_example_py_elf3/policy/meshes
copying policy/meshes/r_hip_z_link.STL -> /home/szz/bxi/bxi_elf3_ws/install/bxi_example_py_elf3/share/bxi_example_py_elf3/policy/meshes
copying policy/meshes/r_shoulder_y_link.STL -> /home/szz/bxi/bxi_elf3_ws/install/bxi_example_py_elf3/share/bxi_example_py_elf3/policy/meshes
copying policy/meshes/r_ankle_y_link.STL -> /home/szz/bxi/bxi_elf3_ws/install/bxi_example_py_elf3/share/bxi_example_py_elf3/policy/meshes
copying policy/meshes/l_wrist_z_link.STL -> /home/szz/bxi/bxi_elf3_ws/install/bxi_example_py_elf3/share/bxi_example_py_elf3/policy/meshes
copying policy/meshes/r_shoulder_x_link.STL -> /home/szz/bxi/bxi_elf3_ws/install/bxi_example_py_elf3/share/bxi_example_py_elf3/policy/meshes
copying policy/meshes/r_shoulder_z_link.STL -> /home/szz/bxi/bxi_elf3_ws/install/bxi_example_py_elf3/share/bxi_example_py_elf3/policy/meshes
copying policy/meshes/l_hip_x_link.STL -> /home/szz/bxi/bxi_elf3_ws/install/bxi_example_py_elf3/share/bxi_example_py_elf3/policy/meshes
copying policy/meshes/waist_x_link.STL -> /home/szz/bxi/bxi_elf3_ws/install/bxi_example_py_elf3/share/bxi_example_py_elf3/policy/meshes
copying policy/meshes/l_hip_z_link.STL -> /home/szz/bxi/bxi_elf3_ws/install/bxi_example_py_elf3/share/bxi_example_py_elf3/policy/meshes
copying policy/meshes/r_hip_x_link.STL -> /home/szz/bxi/bxi_elf3_ws/install/bxi_example_py_elf3/share/bxi_example_py_elf3/policy/meshes
copying policy/meshes/l_shoulder_z_link.STL -> /home/szz/bxi/bxi_elf3_ws/install/bxi_example_py_elf3/share/bxi_example_py_elf3/policy/meshes
copying policy/meshes/r_knee_y_link.STL -> /home/szz/bxi/bxi_elf3_ws/install/bxi_example_py_elf3/share/bxi_example_py_elf3/policy/meshes
copying policy/meshes/l_wrist_x_link.STL -> /home/szz/bxi/bxi_elf3_ws/install/bxi_example_py_elf3/share/bxi_example_py_elf3/policy/meshes
copying policy/meshes/waist_z_link.STL -> /home/szz/bxi/bxi_elf3_ws/install/bxi_example_py_elf3/share/bxi_example_py_elf3/policy/meshes
copying policy/meshes/r_hip_y_link.STL -> /home/szz/bxi/bxi_elf3_ws/install/bxi_example_py_elf3/share/bxi_example_py_elf3/policy/meshes
copying policy/meshes/r_wrist_z_link.STL -> /home/szz/bxi/bxi_elf3_ws/install/bxi_example_py_elf3/share/bxi_example_py_elf3/policy/meshes
copying policy/meshes/r_wrist_x_link.STL -> /home/szz/bxi/bxi_elf3_ws/install/bxi_example_py_elf3/share/bxi_example_py_elf3/policy/meshes
copying policy/meshes/l_knee_y_link.STL -> /home/szz/bxi/bxi_elf3_ws/install/bxi_example_py_elf3/share/bxi_example_py_elf3/policy/meshes
copying policy/meshes/l_shoulder_x_link.STL -> /home/szz/bxi/bxi_elf3_ws/install/bxi_example_py_elf3/share/bxi_example_py_elf3/policy/meshes
copying policy/meshes/l_ankle_y_link.STL -> /home/szz/bxi/bxi_elf3_ws/install/bxi_example_py_elf3/share/bxi_example_py_elf3/policy/meshes
creating /home/szz/bxi/bxi_elf3_ws/install/bxi_example_py_elf3/share/bxi_example_py_elf3/launch
copying launch/example_launch_hw.py -> /home/szz/bxi/bxi_elf3_ws/install/bxi_example_py_elf3/share/bxi_example_py_elf3/launch/.
copying launch/example_launch_walk.py -> /home/szz/bxi/bxi_elf3_ws/install/bxi_example_py_elf3/share/bxi_example_py_elf3/launch/.
copying launch/example_launch_dance.py -> /home/szz/bxi/bxi_elf3_ws/install/bxi_example_py_elf3/share/bxi_example_py_elf3/launch/.
copying launch/example_launch_run_hw.py -> /home/szz/bxi/bxi_elf3_ws/install/bxi_example_py_elf3/share/bxi_example_py_elf3/launch/.
copying launch/example_launch_walk_hw.py -> /home/szz/bxi/bxi_elf3_ws/install/bxi_example_py_elf3/share/bxi_example_py_elf3/launch/.
copying launch/example_launch_run.py -> /home/szz/bxi/bxi_elf3_ws/install/bxi_example_py_elf3/share/bxi_example_py_elf3/launch/.
running install_egg_info
Copying ../../build/bxi_example_py_elf3/bxi_example_py_elf3.egg-info to /home/szz/bxi/bxi_elf3_ws/install/bxi_example_py_elf3/lib/python3.10/site-packages/bxi_example_py_elf3-0.0.0-py3.10.egg-info
running install_scripts
Installing bxi_example_py_elf3 script to /home/szz/bxi/bxi_elf3_ws/install/bxi_example_py_elf3/lib/bxi_example_py_elf3
Installing bxi_example_py_elf3_dance script to /home/szz/bxi/bxi_elf3_ws/install/bxi_example_py_elf3/lib/bxi_example_py_elf3
Installing bxi_example_py_elf3_run script to /home/szz/bxi/bxi_elf3_ws/install/bxi_example_py_elf3/lib/bxi_example_py_elf3
Installing bxi_example_py_elf3_walk script to /home/szz/bxi/bxi_elf3_ws/install/bxi_example_py_elf3/lib/bxi_example_py_elf3
writing list of installed files to '/home/szz/bxi/bxi_elf3_ws/build/bxi_example_py_elf3/install.log'
